2025-03-06 06:19:11 INFO  TC001_AccountRegistrationTest:15 - ***** Starting TC001_AccountRegistrationTest *****
2025-03-06 06:19:11 INFO  TC001_AccountRegistrationTest:20 - Clicked on MyAccount Link... 
2025-03-06 06:19:12 INFO  TC001_AccountRegistrationTest:23 - Clicked on Register Link... 
2025-03-06 06:19:12 INFO  TC001_AccountRegistrationTest:27 - Providing customer details... 
2025-03-06 06:19:14 INFO  TC001_AccountRegistrationTest:40 - Validating expected message... 
2025-03-06 06:19:14 INFO  TC001_AccountRegistrationTest:44 - ***** Finished TC001_AccountRegistrationTest *****
2025-03-06 06:32:51 INFO  TC001_AccountRegistrationTest:15 - ***** Starting TC001_AccountRegistrationTest *****
2025-03-06 06:32:51 INFO  TC001_AccountRegistrationTest:20 - Clicked on MyAccount Link... 
2025-03-06 06:32:52 INFO  TC001_AccountRegistrationTest:23 - Clicked on Register Link... 
2025-03-06 06:32:52 INFO  TC001_AccountRegistrationTest:27 - Providing customer details... 
2025-03-06 06:32:55 INFO  TC001_AccountRegistrationTest:40 - Validating expected message... 
2025-03-06 06:32:55 ERROR TC001_AccountRegistrationTest:45 - Test Failed...
2025-03-06 14:11:41 INFO  TC001_AccountRegistrationTest:15 - ***** Starting TC001_AccountRegistrationTest *****
2025-03-06 14:11:41 INFO  TC001_AccountRegistrationTest:20 - Clicked on MyAccount Link... 
2025-03-06 14:11:42 INFO  TC001_AccountRegistrationTest:23 - Clicked on Register Link... 
2025-03-06 14:11:42 INFO  TC001_AccountRegistrationTest:27 - Providing customer details... 
2025-03-06 14:11:44 INFO  TC001_AccountRegistrationTest:40 - Validating expected message... 
2025-03-06 14:11:44 INFO  TC001_AccountRegistrationTest:54 - ***** Finished TC001_AccountRegistrationTest *****
2025-03-06 14:18:49 INFO  TC001_AccountRegistrationTest:15 - ***** Starting TC001_AccountRegistrationTest *****
2025-03-06 14:18:49 INFO  TC001_AccountRegistrationTest:20 - Clicked on MyAccount Link... 
2025-03-06 14:18:50 INFO  TC001_AccountRegistrationTest:23 - Clicked on Register Link... 
2025-03-06 14:18:50 INFO  TC001_AccountRegistrationTest:27 - Providing customer details... 
2025-03-06 14:18:52 INFO  TC001_AccountRegistrationTest:40 - Validating expected message... 
2025-03-06 14:18:52 INFO  TC001_AccountRegistrationTest:54 - ***** Finished TC001_AccountRegistrationTest *****
2025-03-06 14:19:02 INFO  TC001_AccountRegistrationTest:15 - ***** Starting TC001_AccountRegistrationTest *****
2025-03-06 14:19:02 INFO  TC001_AccountRegistrationTest:20 - Clicked on MyAccount Link... 
2025-03-06 14:19:03 INFO  TC001_AccountRegistrationTest:23 - Clicked on Register Link... 
2025-03-06 14:19:03 INFO  TC001_AccountRegistrationTest:27 - Providing customer details... 
2025-03-06 14:19:05 INFO  TC001_AccountRegistrationTest:40 - Validating expected message... 
2025-03-06 14:19:05 INFO  TC001_AccountRegistrationTest:54 - ***** Finished TC001_AccountRegistrationTest *****
2025-03-06 14:19:15 INFO  TC001_AccountRegistrationTest:15 - ***** Starting TC001_AccountRegistrationTest *****
2025-03-06 14:19:15 INFO  TC001_AccountRegistrationTest:20 - Clicked on MyAccount Link... 
2025-03-06 14:19:16 INFO  TC001_AccountRegistrationTest:23 - Clicked on Register Link... 
2025-03-06 14:19:16 INFO  TC001_AccountRegistrationTest:27 - Providing customer details... 
2025-03-06 14:19:17 INFO  TC001_AccountRegistrationTest:40 - Validating expected message... 
2025-03-06 14:19:18 INFO  TC001_AccountRegistrationTest:54 - ***** Finished TC001_AccountRegistrationTest *****
